<?xml version="1.0" encoding="UTF-8"?>
<testsuites>
  <testsuite name="" tests="59" assertions="135" errors="0" warnings="0" failures="0" skipped="0" time="0.916383">
    <testsuite name="Project Test Suite" tests="59" assertions="135" errors="0" warnings="0" failures="0" skipped="0" time="0.916383">
      <testsuite name="App\Card\CardGraphicTest" file="/Users/robin/dbwebb-kurser/mvc/me/report/tests/Card/CardGraphicTest.php" tests="1" assertions="1" errors="0" warnings="0" failures="0" skipped="0" time="0.003677">
        <testcase name="testToStringReturnsString" class="App\Card\CardGraphicTest" classname="App.Card.CardGraphicTest" file="/Users/robin/dbwebb-kurser/mvc/me/report/tests/Card/CardGraphicTest.php" line="12" assertions="1" time="0.003677"/>
      </testsuite>
      <testsuite name="App\Card\CardHandTest" file="/Users/robin/dbwebb-kurser/mvc/me/report/tests/Card/CardHandTest.php" tests="6" assertions="8" errors="0" warnings="0" failures="0" skipped="0" time="0.001591">
        <testcase name="testAddCards" class="App\Card\CardHandTest" classname="App.Card.CardHandTest" file="/Users/robin/dbwebb-kurser/mvc/me/report/tests/Card/CardHandTest.php" line="15" assertions="3" time="0.000702"/>
        <testcase name="testClear" class="App\Card\CardHandTest" classname="App.Card.CardHandTest" file="/Users/robin/dbwebb-kurser/mvc/me/report/tests/Card/CardHandTest.php" line="33" assertions="1" time="0.000350"/>
        <testcase name="testGetTwentyOnePoints" class="App\Card\CardHandTest" classname="App.Card.CardHandTest" file="/Users/robin/dbwebb-kurser/mvc/me/report/tests/Card/CardHandTest.php" line="45" assertions="1" time="0.000139"/>
        <testcase name="testAcesReduceWhenOver21" class="App\Card\CardHandTest" classname="App.Card.CardHandTest" file="/Users/robin/dbwebb-kurser/mvc/me/report/tests/Card/CardHandTest.php" line="58" assertions="1" time="0.000137"/>
        <testcase name="testValueJack" class="App\Card\CardHandTest" classname="App.Card.CardHandTest" file="/Users/robin/dbwebb-kurser/mvc/me/report/tests/Card/CardHandTest.php" line="72" assertions="1" time="0.000134"/>
        <testcase name="testValueQueen" class="App\Card\CardHandTest" classname="App.Card.CardHandTest" file="/Users/robin/dbwebb-kurser/mvc/me/report/tests/Card/CardHandTest.php" line="84" assertions="1" time="0.000129"/>
      </testsuite>
      <testsuite name="App\Card\CardTest" file="/Users/robin/dbwebb-kurser/mvc/me/report/tests/Card/CardTest.php" tests="3" assertions="4" errors="0" warnings="0" failures="0" skipped="0" time="0.000597">
        <testcase name="testCardValue" class="App\Card\CardTest" classname="App.Card.CardTest" file="/Users/robin/dbwebb-kurser/mvc/me/report/tests/Card/CardTest.php" line="15" assertions="1" time="0.000127"/>
        <testcase name="testCardSuit" class="App\Card\CardTest" classname="App.Card.CardTest" file="/Users/robin/dbwebb-kurser/mvc/me/report/tests/Card/CardTest.php" line="24" assertions="1" time="0.000120"/>
        <testcase name="testCardStringFormat" class="App\Card\CardTest" classname="App.Card.CardTest" file="/Users/robin/dbwebb-kurser/mvc/me/report/tests/Card/CardTest.php" line="33" assertions="2" time="0.000349"/>
      </testsuite>
      <testsuite name="App\Card\DeckOfCardsTest" file="/Users/robin/dbwebb-kurser/mvc/me/report/tests/Card/DeckOfCardsTest.php" tests="4" assertions="13" errors="0" warnings="0" failures="0" skipped="0" time="0.003036">
        <testcase name="testDeckHas52Cards" class="App\Card\DeckOfCardsTest" classname="App.Card.DeckOfCardsTest" file="/Users/robin/dbwebb-kurser/mvc/me/report/tests/Card/DeckOfCardsTest.php" line="15" assertions="1" time="0.000324"/>
        <testcase name="testShufflingWorks" class="App\Card\DeckOfCardsTest" classname="App.Card.DeckOfCardsTest" file="/Users/robin/dbwebb-kurser/mvc/me/report/tests/Card/DeckOfCardsTest.php" line="26" assertions="1" time="0.002083"/>
        <testcase name="testDrawSingleCard" class="App\Card\DeckOfCardsTest" classname="App.Card.DeckOfCardsTest" file="/Users/robin/dbwebb-kurser/mvc/me/report/tests/Card/DeckOfCardsTest.php" line="40" assertions="2" time="0.000428"/>
        <testcase name="testDrawMultipleCards" class="App\Card\DeckOfCardsTest" classname="App.Card.DeckOfCardsTest" file="/Users/robin/dbwebb-kurser/mvc/me/report/tests/Card/DeckOfCardsTest.php" line="52" assertions="9" time="0.000201"/>
      </testsuite>
      <testsuite name="App\Tests\Controller\CardApiControllerTest" file="/Users/robin/dbwebb-kurser/mvc/me/report/tests/Controller/CardApiControllerTest.php" tests="5" assertions="22" errors="0" warnings="0" failures="0" skipped="0" time="0.154590">
        <testcase name="testApiDeckReturnsFullDeck" class="App\Tests\Controller\CardApiControllerTest" classname="App.Tests.Controller.CardApiControllerTest" file="/Users/robin/dbwebb-kurser/mvc/me/report/tests/Controller/CardApiControllerTest.php" line="15" assertions="5" time="0.127872"/>
        <testcase name="testApiShuffleReturnsShuffledDeck" class="App\Tests\Controller\CardApiControllerTest" classname="App.Tests.Controller.CardApiControllerTest" file="/Users/robin/dbwebb-kurser/mvc/me/report/tests/Controller/CardApiControllerTest.php" line="33" assertions="5" time="0.005472"/>
        <testcase name="testApiDrawReturnsOneCard" class="App\Tests\Controller\CardApiControllerTest" classname="App.Tests.Controller.CardApiControllerTest" file="/Users/robin/dbwebb-kurser/mvc/me/report/tests/Controller/CardApiControllerTest.php" line="51" assertions="4" time="0.008687"/>
        <testcase name="testApiDrawNumberReturnsCorrectCount" class="App\Tests\Controller\CardApiControllerTest" classname="App.Tests.Controller.CardApiControllerTest" file="/Users/robin/dbwebb-kurser/mvc/me/report/tests/Controller/CardApiControllerTest.php" line="69" assertions="5" time="0.008411"/>
        <testcase name="testApiGameReturnsErrorWithoutSession" class="App\Tests\Controller\CardApiControllerTest" classname="App.Tests.Controller.CardApiControllerTest" file="/Users/robin/dbwebb-kurser/mvc/me/report/tests/Controller/CardApiControllerTest.php" line="88" assertions="3" time="0.004146"/>
      </testsuite>
      <testsuite name="App\Dice\DiceGraphicTest" file="/Users/robin/dbwebb-kurser/mvc/me/report/tests/Dice/DiceGraphicTest.php" tests="2" assertions="2" errors="0" warnings="0" failures="0" skipped="0" time="0.000546">
        <testcase name="testIsSubclassOfDice" class="App\Dice\DiceGraphicTest" classname="App.Dice.DiceGraphicTest" file="/Users/robin/dbwebb-kurser/mvc/me/report/tests/Dice/DiceGraphicTest.php" line="15" assertions="1" time="0.000404"/>
        <testcase name="testGetAsStringReturnsDiceSymbol" class="App\Dice\DiceGraphicTest" classname="App.Dice.DiceGraphicTest" file="/Users/robin/dbwebb-kurser/mvc/me/report/tests/Dice/DiceGraphicTest.php" line="24" assertions="1" time="0.000141"/>
      </testsuite>
      <testsuite name="App\Dice\DiceHandTest" file="/Users/robin/dbwebb-kurser/mvc/me/report/tests/Dice/DiceHandTest.php" tests="4" assertions="15" errors="0" warnings="0" failures="0" skipped="0" time="0.001597">
        <testcase name="testCreateDiceHand" class="App\Dice\DiceHandTest" classname="App.Dice.DiceHandTest" file="/Users/robin/dbwebb-kurser/mvc/me/report/tests/Dice/DiceHandTest.php" line="15" assertions="2" time="0.000299"/>
        <testcase name="testAddDice" class="App\Dice\DiceHandTest" classname="App.Dice.DiceHandTest" file="/Users/robin/dbwebb-kurser/mvc/me/report/tests/Dice/DiceHandTest.php" line="24" assertions="1" time="0.000132"/>
        <testcase name="testRollAndGetValues" class="App\Dice\DiceHandTest" classname="App.Dice.DiceHandTest" file="/Users/robin/dbwebb-kurser/mvc/me/report/tests/Dice/DiceHandTest.php" line="35" assertions="11" time="0.001024"/>
        <testcase name="testGetString" class="App\Dice\DiceHandTest" classname="App.Dice.DiceHandTest" file="/Users/robin/dbwebb-kurser/mvc/me/report/tests/Dice/DiceHandTest.php" line="54" assertions="1" time="0.000141"/>
      </testsuite>
      <testsuite name="App\Dice\DiceTest" file="/Users/robin/dbwebb-kurser/mvc/me/report/tests/Dice/DiceTest.php" tests="4" assertions="8" errors="0" warnings="0" failures="0" skipped="0" time="0.000542">
        <testcase name="testCreateDice" class="App\Dice\DiceTest" classname="App.Dice.DiceTest" file="/Users/robin/dbwebb-kurser/mvc/me/report/tests/Dice/DiceTest.php" line="16" assertions="2" time="0.000135"/>
        <testcase name="testRoll" class="App\Dice\DiceTest" classname="App.Dice.DiceTest" file="/Users/robin/dbwebb-kurser/mvc/me/report/tests/Dice/DiceTest.php" line="28" assertions="4" time="0.000167"/>
        <testcase name="testGetValue" class="App\Dice\DiceTest" classname="App.Dice.DiceTest" file="/Users/robin/dbwebb-kurser/mvc/me/report/tests/Dice/DiceTest.php" line="39" assertions="1" time="0.000121"/>
        <testcase name="testGetAsString" class="App\Dice\DiceTest" classname="App.Dice.DiceTest" file="/Users/robin/dbwebb-kurser/mvc/me/report/tests/Dice/DiceTest.php" line="49" assertions="1" time="0.000119"/>
      </testsuite>
      <testsuite name="App\Tests\Project\ImportExcelDataCommandTest" file="/Users/robin/dbwebb-kurser/mvc/me/report/tests/Project/ImportExcelDataCommandTest.php" tests="4" assertions="6" errors="0" warnings="0" failures="0" skipped="0" time="0.204653">
        <testcase name="testCommandOutputsSuccessMessage" class="App\Tests\Project\ImportExcelDataCommandTest" classname="App.Tests.Project.ImportExcelDataCommandTest" file="/Users/robin/dbwebb-kurser/mvc/me/report/tests/Project/ImportExcelDataCommandTest.php" line="38" assertions="2" time="0.098290"/>
        <testcase name="testCommandHandlesMissingFile" class="App\Tests\Project\ImportExcelDataCommandTest" classname="App.Tests.Project.ImportExcelDataCommandTest" file="/Users/robin/dbwebb-kurser/mvc/me/report/tests/Project/ImportExcelDataCommandTest.php" line="60" assertions="1" time="0.031900"/>
        <testcase name="testCommandHandlesUnreadableFile" class="App\Tests\Project\ImportExcelDataCommandTest" classname="App.Tests.Project.ImportExcelDataCommandTest" file="/Users/robin/dbwebb-kurser/mvc/me/report/tests/Project/ImportExcelDataCommandTest.php" line="113" assertions="1" time="0.032657"/>
        <testcase name="testCommandUsesMockedFileLoader" class="App\Tests\Project\ImportExcelDataCommandTest" classname="App.Tests.Project.ImportExcelDataCommandTest" file="/Users/robin/dbwebb-kurser/mvc/me/report/tests/Project/ImportExcelDataCommandTest.php" line="179" assertions="2" time="0.041806"/>
      </testsuite>
      <testsuite name="App\Tests\Project\ProjectApiControllerTest" file="/Users/robin/dbwebb-kurser/mvc/me/report/tests/Project/ProjectApiControllerTest.php" tests="9" assertions="22" errors="0" warnings="0" failures="0" skipped="0" time="0.170744">
        <testcase name="testLowSamtligaReturnsJson" class="App\Tests\Project\ProjectApiControllerTest" classname="App.Tests.Project.ProjectApiControllerTest" file="/Users/robin/dbwebb-kurser/mvc/me/report/tests/Project/ProjectApiControllerTest.php" line="12" assertions="2" time="0.027333"/>
        <testcase name="testLongSamtligaReturnsJson" class="App\Tests\Project\ProjectApiControllerTest" classname="App.Tests.Project.ProjectApiControllerTest" file="/Users/robin/dbwebb-kurser/mvc/me/report/tests/Project/ProjectApiControllerTest.php" line="21" assertions="2" time="0.015412"/>
        <testcase name="testLowByGroupPostWithValidGroup" class="App\Tests\Project\ProjectApiControllerTest" classname="App.Tests.Project.ProjectApiControllerTest" file="/Users/robin/dbwebb-kurser/mvc/me/report/tests/Project/ProjectApiControllerTest.php" line="30" assertions="2" time="0.015060"/>
        <testcase name="testLowByGroupPostWithMissingGroup" class="App\Tests\Project\ProjectApiControllerTest" classname="App.Tests.Project.ProjectApiControllerTest" file="/Users/robin/dbwebb-kurser/mvc/me/report/tests/Project/ProjectApiControllerTest.php" line="46" assertions="2" time="0.003678"/>
        <testcase name="testLowAllGroupsReturnsSortedList" class="App\Tests\Project\ProjectApiControllerTest" classname="App.Tests.Project.ProjectApiControllerTest" file="/Users/robin/dbwebb-kurser/mvc/me/report/tests/Project/ProjectApiControllerTest.php" line="63" assertions="5" time="0.060808"/>
        <testcase name="testLowWomenNoChildrenReturnsJson" class="App\Tests\Project\ProjectApiControllerTest" classname="App.Tests.Project.ProjectApiControllerTest" file="/Users/robin/dbwebb-kurser/mvc/me/report/tests/Project/ProjectApiControllerTest.php" line="77" assertions="2" time="0.014959"/>
        <testcase name="testLongEjBoendeReturnsJson" class="App\Tests\Project\ProjectApiControllerTest" classname="App.Tests.Project.ProjectApiControllerTest" file="/Users/robin/dbwebb-kurser/mvc/me/report/tests/Project/ProjectApiControllerTest.php" line="86" assertions="2" time="0.014768"/>
        <testcase name="testLongChildrenOfSingleWomenReturnsJson" class="App\Tests\Project\ProjectApiControllerTest" classname="App.Tests.Project.ProjectApiControllerTest" file="/Users/robin/dbwebb-kurser/mvc/me/report/tests/Project/ProjectApiControllerTest.php" line="95" assertions="2" time="0.014941"/>
        <testcase name="testLowByGroupPostWithUnknownGroup" class="App\Tests\Project\ProjectApiControllerTest" classname="App.Tests.Project.ProjectApiControllerTest" file="/Users/robin/dbwebb-kurser/mvc/me/report/tests/Project/ProjectApiControllerTest.php" line="104" assertions="3" time="0.003784"/>
      </testsuite>
      <testsuite name="App\Tests\Project\ProjectControllerTest" file="/Users/robin/dbwebb-kurser/mvc/me/report/tests/Project/ProjectControllerTest.php" tests="2" assertions="6" errors="0" warnings="0" failures="0" skipped="0" time="0.059153">
        <testcase name="testProjectIndexLoads" class="App\Tests\Project\ProjectControllerTest" classname="App.Tests.Project.ProjectControllerTest" file="/Users/robin/dbwebb-kurser/mvc/me/report/tests/Project/ProjectControllerTest.php" line="12" assertions="3" time="0.051250"/>
        <testcase name="testProjectAboutLoads" class="App\Tests\Project\ProjectControllerTest" classname="App.Tests.Project.ProjectControllerTest" file="/Users/robin/dbwebb-kurser/mvc/me/report/tests/Project/ProjectControllerTest.php" line="30" assertions="3" time="0.007903"/>
      </testsuite>
      <testsuite name="App\Tests\Project\SustainabilityControllerTest" file="/Users/robin/dbwebb-kurser/mvc/me/report/tests/Project/SustainabilityControllerTest.php" tests="3" assertions="8" errors="0" warnings="0" failures="0" skipped="0" time="0.313047">
        <testcase name="testIndexPageLoads" class="App\Tests\Project\SustainabilityControllerTest" classname="App.Tests.Project.SustainabilityControllerTest" file="/Users/robin/dbwebb-kurser/mvc/me/report/tests/Project/SustainabilityControllerTest.php" line="12" assertions="2" time="0.155936"/>
        <testcase name="testGraphsPageLoadsWithCanvases" class="App\Tests\Project\SustainabilityControllerTest" classname="App.Tests.Project.SustainabilityControllerTest" file="/Users/robin/dbwebb-kurser/mvc/me/report/tests/Project/SustainabilityControllerTest.php" line="25" assertions="3" time="0.147680"/>
        <testcase name="testApiDocumentationPageLoads" class="App\Tests\Project\SustainabilityControllerTest" classname="App.Tests.Project.SustainabilityControllerTest" file="/Users/robin/dbwebb-kurser/mvc/me/report/tests/Project/SustainabilityControllerTest.php" line="39" assertions="3" time="0.009431"/>
      </testsuite>
      <testsuite name="App\TwentyOneGame\BankTest" file="/Users/robin/dbwebb-kurser/mvc/me/report/tests/TwentyOneGame/BankTest.php" tests="3" assertions="7" errors="0" warnings="0" failures="0" skipped="0" time="0.000827">
        <testcase name="testBankHasHand" class="App\TwentyOneGame\BankTest" classname="App.TwentyOneGame.BankTest" file="/Users/robin/dbwebb-kurser/mvc/me/report/tests/TwentyOneGame/BankTest.php" line="16" assertions="1" time="0.000341"/>
        <testcase name="testBankPlayTurnDrawsAtLeastTwoCards" class="App\TwentyOneGame\BankTest" classname="App.TwentyOneGame.BankTest" file="/Users/robin/dbwebb-kurser/mvc/me/report/tests/TwentyOneGame/BankTest.php" line="25" assertions="2" time="0.000218"/>
        <testcase name="testBankScoreReturnsInteger" class="App\TwentyOneGame\BankTest" classname="App.TwentyOneGame.BankTest" file="/Users/robin/dbwebb-kurser/mvc/me/report/tests/TwentyOneGame/BankTest.php" line="37" assertions="4" time="0.000268"/>
      </testsuite>
      <testsuite name="App\TwentyOneGame\GameOverTest" file="/Users/robin/dbwebb-kurser/mvc/me/report/tests/TwentyOneGame/GameOverTest.php" tests="4" assertions="4" errors="0" warnings="0" failures="0" skipped="0" time="0.000628">
        <testcase name="testPlayerBusts" class="App\TwentyOneGame\GameOverTest" classname="App.TwentyOneGame.GameOverTest" file="/Users/robin/dbwebb-kurser/mvc/me/report/tests/TwentyOneGame/GameOverTest.php" line="18" assertions="1" time="0.000252"/>
        <testcase name="testBankBusts" class="App\TwentyOneGame\GameOverTest" classname="App.TwentyOneGame.GameOverTest" file="/Users/robin/dbwebb-kurser/mvc/me/report/tests/TwentyOneGame/GameOverTest.php" line="27" assertions="1" time="0.000128"/>
        <testcase name="testBankWinsOnEqualScore" class="App\TwentyOneGame\GameOverTest" classname="App.TwentyOneGame.GameOverTest" file="/Users/robin/dbwebb-kurser/mvc/me/report/tests/TwentyOneGame/GameOverTest.php" line="36" assertions="1" time="0.000125"/>
        <testcase name="testPlayerWinsOnHigherScore" class="App\TwentyOneGame\GameOverTest" classname="App.TwentyOneGame.GameOverTest" file="/Users/robin/dbwebb-kurser/mvc/me/report/tests/TwentyOneGame/GameOverTest.php" line="45" assertions="1" time="0.000123"/>
      </testsuite>
      <testsuite name="App\TwentyOneGame\TwentyOneGameTest" file="/Users/robin/dbwebb-kurser/mvc/me/report/tests/TwentyOneGame/TwentyOneGameTest.php" tests="5" assertions="9" errors="0" warnings="0" failures="0" skipped="0" time="0.001156">
        <testcase name="testCreateGame" class="App\TwentyOneGame\TwentyOneGameTest" classname="App.TwentyOneGame.TwentyOneGameTest" file="/Users/robin/dbwebb-kurser/mvc/me/report/tests/TwentyOneGame/TwentyOneGameTest.php" line="15" assertions="2" time="0.000344"/>
        <testcase name="testStartGameGivesTwoCards" class="App\TwentyOneGame\TwentyOneGameTest" classname="App.TwentyOneGame.TwentyOneGameTest" file="/Users/robin/dbwebb-kurser/mvc/me/report/tests/TwentyOneGame/TwentyOneGameTest.php" line="25" assertions="1" time="0.000191"/>
        <testcase name="testDrawCardIncreasesCardCount" class="App\TwentyOneGame\TwentyOneGameTest" classname="App.TwentyOneGame.TwentyOneGameTest" file="/Users/robin/dbwebb-kurser/mvc/me/report/tests/TwentyOneGame/TwentyOneGameTest.php" line="35" assertions="1" time="0.000187"/>
        <testcase name="testPlayerScoreIsWithinExpectedRange" class="App\TwentyOneGame\TwentyOneGameTest" classname="App.TwentyOneGame.TwentyOneGameTest" file="/Users/robin/dbwebb-kurser/mvc/me/report/tests/TwentyOneGame/TwentyOneGameTest.php" line="48" assertions="4" time="0.000249"/>
        <testcase name="testDeckShrinksWhenDrawingCards" class="App\TwentyOneGame\TwentyOneGameTest" classname="App.TwentyOneGame.TwentyOneGameTest" file="/Users/robin/dbwebb-kurser/mvc/me/report/tests/TwentyOneGame/TwentyOneGameTest.php" line="60" assertions="1" time="0.000184"/>
      </testsuite>
    </testsuite>
  </testsuite>
</testsuites>
