<?xml version="1.0" encoding="UTF-8"?>
<testsuites>
  <testsuite name="" tests="59" assertions="135" errors="0" warnings="0" failures="0" skipped="0" time="1.346793">
    <testsuite name="Project Test Suite" tests="59" assertions="135" errors="0" warnings="0" failures="0" skipped="0" time="1.346793">
      <testsuite name="App\Card\CardGraphicTest" file="/Users/robin/dbwebb-kurser/mvc/me/report/tests/Card/CardGraphicTest.php" tests="1" assertions="1" errors="0" warnings="0" failures="0" skipped="0" time="0.003581">
        <testcase name="testToStringReturnsString" class="App\Card\CardGraphicTest" classname="App.Card.CardGraphicTest" file="/Users/robin/dbwebb-kurser/mvc/me/report/tests/Card/CardGraphicTest.php" line="12" assertions="1" time="0.003581"/>
      </testsuite>
      <testsuite name="App\Card\CardHandTest" file="/Users/robin/dbwebb-kurser/mvc/me/report/tests/Card/CardHandTest.php" tests="6" assertions="8" errors="0" warnings="0" failures="0" skipped="0" time="0.001750">
        <testcase name="testAddCards" class="App\Card\CardHandTest" classname="App.Card.CardHandTest" file="/Users/robin/dbwebb-kurser/mvc/me/report/tests/Card/CardHandTest.php" line="15" assertions="3" time="0.000864"/>
        <testcase name="testClear" class="App\Card\CardHandTest" classname="App.Card.CardHandTest" file="/Users/robin/dbwebb-kurser/mvc/me/report/tests/Card/CardHandTest.php" line="33" assertions="1" time="0.000355"/>
        <testcase name="testGetTwentyOnePoints" class="App\Card\CardHandTest" classname="App.Card.CardHandTest" file="/Users/robin/dbwebb-kurser/mvc/me/report/tests/Card/CardHandTest.php" line="45" assertions="1" time="0.000145"/>
        <testcase name="testAcesReduceWhenOver21" class="App\Card\CardHandTest" classname="App.Card.CardHandTest" file="/Users/robin/dbwebb-kurser/mvc/me/report/tests/Card/CardHandTest.php" line="58" assertions="1" time="0.000136"/>
        <testcase name="testValueJack" class="App\Card\CardHandTest" classname="App.Card.CardHandTest" file="/Users/robin/dbwebb-kurser/mvc/me/report/tests/Card/CardHandTest.php" line="72" assertions="1" time="0.000126"/>
        <testcase name="testValueQueen" class="App\Card\CardHandTest" classname="App.Card.CardHandTest" file="/Users/robin/dbwebb-kurser/mvc/me/report/tests/Card/CardHandTest.php" line="84" assertions="1" time="0.000124"/>
      </testsuite>
      <testsuite name="App\Card\CardTest" file="/Users/robin/dbwebb-kurser/mvc/me/report/tests/Card/CardTest.php" tests="3" assertions="4" errors="0" warnings="0" failures="0" skipped="0" time="0.000587">
        <testcase name="testCardValue" class="App\Card\CardTest" classname="App.Card.CardTest" file="/Users/robin/dbwebb-kurser/mvc/me/report/tests/Card/CardTest.php" line="15" assertions="1" time="0.000118"/>
        <testcase name="testCardSuit" class="App\Card\CardTest" classname="App.Card.CardTest" file="/Users/robin/dbwebb-kurser/mvc/me/report/tests/Card/CardTest.php" line="24" assertions="1" time="0.000116"/>
        <testcase name="testCardStringFormat" class="App\Card\CardTest" classname="App.Card.CardTest" file="/Users/robin/dbwebb-kurser/mvc/me/report/tests/Card/CardTest.php" line="33" assertions="2" time="0.000353"/>
      </testsuite>
      <testsuite name="App\Card\DeckOfCardsTest" file="/Users/robin/dbwebb-kurser/mvc/me/report/tests/Card/DeckOfCardsTest.php" tests="4" assertions="13" errors="0" warnings="0" failures="0" skipped="0" time="0.003222">
        <testcase name="testDeckHas52Cards" class="App\Card\DeckOfCardsTest" classname="App.Card.DeckOfCardsTest" file="/Users/robin/dbwebb-kurser/mvc/me/report/tests/Card/DeckOfCardsTest.php" line="15" assertions="1" time="0.000518"/>
        <testcase name="testShufflingWorks" class="App\Card\DeckOfCardsTest" classname="App.Card.DeckOfCardsTest" file="/Users/robin/dbwebb-kurser/mvc/me/report/tests/Card/DeckOfCardsTest.php" line="26" assertions="1" time="0.002073"/>
        <testcase name="testDrawSingleCard" class="App\Card\DeckOfCardsTest" classname="App.Card.DeckOfCardsTest" file="/Users/robin/dbwebb-kurser/mvc/me/report/tests/Card/DeckOfCardsTest.php" line="40" assertions="2" time="0.000428"/>
        <testcase name="testDrawMultipleCards" class="App\Card\DeckOfCardsTest" classname="App.Card.DeckOfCardsTest" file="/Users/robin/dbwebb-kurser/mvc/me/report/tests/Card/DeckOfCardsTest.php" line="52" assertions="9" time="0.000204"/>
      </testsuite>
      <testsuite name="App\Tests\Controller\CardApiControllerTest" file="/Users/robin/dbwebb-kurser/mvc/me/report/tests/Controller/CardApiControllerTest.php" tests="5" assertions="22" errors="0" warnings="0" failures="0" skipped="0" time="0.164417">
        <testcase name="testApiDeckReturnsFullDeck" class="App\Tests\Controller\CardApiControllerTest" classname="App.Tests.Controller.CardApiControllerTest" file="/Users/robin/dbwebb-kurser/mvc/me/report/tests/Controller/CardApiControllerTest.php" line="15" assertions="5" time="0.137398"/>
        <testcase name="testApiShuffleReturnsShuffledDeck" class="App\Tests\Controller\CardApiControllerTest" classname="App.Tests.Controller.CardApiControllerTest" file="/Users/robin/dbwebb-kurser/mvc/me/report/tests/Controller/CardApiControllerTest.php" line="33" assertions="5" time="0.005561"/>
        <testcase name="testApiDrawReturnsOneCard" class="App\Tests\Controller\CardApiControllerTest" classname="App.Tests.Controller.CardApiControllerTest" file="/Users/robin/dbwebb-kurser/mvc/me/report/tests/Controller/CardApiControllerTest.php" line="51" assertions="4" time="0.008709"/>
        <testcase name="testApiDrawNumberReturnsCorrectCount" class="App\Tests\Controller\CardApiControllerTest" classname="App.Tests.Controller.CardApiControllerTest" file="/Users/robin/dbwebb-kurser/mvc/me/report/tests/Controller/CardApiControllerTest.php" line="69" assertions="5" time="0.008627"/>
        <testcase name="testApiGameReturnsErrorWithoutSession" class="App\Tests\Controller\CardApiControllerTest" classname="App.Tests.Controller.CardApiControllerTest" file="/Users/robin/dbwebb-kurser/mvc/me/report/tests/Controller/CardApiControllerTest.php" line="88" assertions="3" time="0.004122"/>
      </testsuite>
      <testsuite name="App\Dice\DiceGraphicTest" file="/Users/robin/dbwebb-kurser/mvc/me/report/tests/Dice/DiceGraphicTest.php" tests="2" assertions="2" errors="0" warnings="0" failures="0" skipped="0" time="0.000816">
        <testcase name="testIsSubclassOfDice" class="App\Dice\DiceGraphicTest" classname="App.Dice.DiceGraphicTest" file="/Users/robin/dbwebb-kurser/mvc/me/report/tests/Dice/DiceGraphicTest.php" line="15" assertions="1" time="0.000674"/>
        <testcase name="testGetAsStringReturnsDiceSymbol" class="App\Dice\DiceGraphicTest" classname="App.Dice.DiceGraphicTest" file="/Users/robin/dbwebb-kurser/mvc/me/report/tests/Dice/DiceGraphicTest.php" line="24" assertions="1" time="0.000142"/>
      </testsuite>
      <testsuite name="App\Dice\DiceHandTest" file="/Users/robin/dbwebb-kurser/mvc/me/report/tests/Dice/DiceHandTest.php" tests="4" assertions="15" errors="0" warnings="0" failures="0" skipped="0" time="0.001692">
        <testcase name="testCreateDiceHand" class="App\Dice\DiceHandTest" classname="App.Dice.DiceHandTest" file="/Users/robin/dbwebb-kurser/mvc/me/report/tests/Dice/DiceHandTest.php" line="15" assertions="2" time="0.000455"/>
        <testcase name="testAddDice" class="App\Dice\DiceHandTest" classname="App.Dice.DiceHandTest" file="/Users/robin/dbwebb-kurser/mvc/me/report/tests/Dice/DiceHandTest.php" line="24" assertions="1" time="0.000135"/>
        <testcase name="testRollAndGetValues" class="App\Dice\DiceHandTest" classname="App.Dice.DiceHandTest" file="/Users/robin/dbwebb-kurser/mvc/me/report/tests/Dice/DiceHandTest.php" line="35" assertions="11" time="0.000965"/>
        <testcase name="testGetString" class="App\Dice\DiceHandTest" classname="App.Dice.DiceHandTest" file="/Users/robin/dbwebb-kurser/mvc/me/report/tests/Dice/DiceHandTest.php" line="54" assertions="1" time="0.000137"/>
      </testsuite>
      <testsuite name="App\Dice\DiceTest" file="/Users/robin/dbwebb-kurser/mvc/me/report/tests/Dice/DiceTest.php" tests="4" assertions="8" errors="0" warnings="0" failures="0" skipped="0" time="0.000543">
        <testcase name="testCreateDice" class="App\Dice\DiceTest" classname="App.Dice.DiceTest" file="/Users/robin/dbwebb-kurser/mvc/me/report/tests/Dice/DiceTest.php" line="16" assertions="2" time="0.000137"/>
        <testcase name="testRoll" class="App\Dice\DiceTest" classname="App.Dice.DiceTest" file="/Users/robin/dbwebb-kurser/mvc/me/report/tests/Dice/DiceTest.php" line="28" assertions="4" time="0.000164"/>
        <testcase name="testGetValue" class="App\Dice\DiceTest" classname="App.Dice.DiceTest" file="/Users/robin/dbwebb-kurser/mvc/me/report/tests/Dice/DiceTest.php" line="39" assertions="1" time="0.000121"/>
        <testcase name="testGetAsString" class="App\Dice\DiceTest" classname="App.Dice.DiceTest" file="/Users/robin/dbwebb-kurser/mvc/me/report/tests/Dice/DiceTest.php" line="49" assertions="1" time="0.000120"/>
      </testsuite>
      <testsuite name="App\Tests\Project\ImportExcelDataCommandTest" file="/Users/robin/dbwebb-kurser/mvc/me/report/tests/Project/ImportExcelDataCommandTest.php" tests="4" assertions="6" errors="0" warnings="0" failures="0" skipped="0" time="0.287208">
        <testcase name="testCommandOutputsSuccessMessage" class="App\Tests\Project\ImportExcelDataCommandTest" classname="App.Tests.Project.ImportExcelDataCommandTest" file="/Users/robin/dbwebb-kurser/mvc/me/report/tests/Project/ImportExcelDataCommandTest.php" line="38" assertions="2" time="0.131627"/>
        <testcase name="testCommandHandlesMissingFile" class="App\Tests\Project\ImportExcelDataCommandTest" classname="App.Tests.Project.ImportExcelDataCommandTest" file="/Users/robin/dbwebb-kurser/mvc/me/report/tests/Project/ImportExcelDataCommandTest.php" line="60" assertions="1" time="0.049044"/>
        <testcase name="testCommandHandlesUnreadableFile" class="App\Tests\Project\ImportExcelDataCommandTest" classname="App.Tests.Project.ImportExcelDataCommandTest" file="/Users/robin/dbwebb-kurser/mvc/me/report/tests/Project/ImportExcelDataCommandTest.php" line="113" assertions="1" time="0.048197"/>
        <testcase name="testCommandUsesMockedFileLoader" class="App\Tests\Project\ImportExcelDataCommandTest" classname="App.Tests.Project.ImportExcelDataCommandTest" file="/Users/robin/dbwebb-kurser/mvc/me/report/tests/Project/ImportExcelDataCommandTest.php" line="179" assertions="2" time="0.058340"/>
      </testsuite>
      <testsuite name="App\Tests\Project\ProjectApiControllerTest" file="/Users/robin/dbwebb-kurser/mvc/me/report/tests/Project/ProjectApiControllerTest.php" tests="9" assertions="22" errors="0" warnings="0" failures="0" skipped="0" time="0.304500">
        <testcase name="testLowSamtligaReturnsJson" class="App\Tests\Project\ProjectApiControllerTest" classname="App.Tests.Project.ProjectApiControllerTest" file="/Users/robin/dbwebb-kurser/mvc/me/report/tests/Project/ProjectApiControllerTest.php" line="12" assertions="2" time="0.043210"/>
        <testcase name="testLongSamtligaReturnsJson" class="App\Tests\Project\ProjectApiControllerTest" classname="App.Tests.Project.ProjectApiControllerTest" file="/Users/robin/dbwebb-kurser/mvc/me/report/tests/Project/ProjectApiControllerTest.php" line="21" assertions="2" time="0.027413"/>
        <testcase name="testLowByGroupPostWithValidGroup" class="App\Tests\Project\ProjectApiControllerTest" classname="App.Tests.Project.ProjectApiControllerTest" file="/Users/robin/dbwebb-kurser/mvc/me/report/tests/Project/ProjectApiControllerTest.php" line="30" assertions="2" time="0.026397"/>
        <testcase name="testLowByGroupPostWithMissingGroup" class="App\Tests\Project\ProjectApiControllerTest" classname="App.Tests.Project.ProjectApiControllerTest" file="/Users/robin/dbwebb-kurser/mvc/me/report/tests/Project/ProjectApiControllerTest.php" line="46" assertions="2" time="0.003657"/>
        <testcase name="testLowAllGroupsReturnsSortedList" class="App\Tests\Project\ProjectApiControllerTest" classname="App.Tests.Project.ProjectApiControllerTest" file="/Users/robin/dbwebb-kurser/mvc/me/report/tests/Project/ProjectApiControllerTest.php" line="63" assertions="5" time="0.120203"/>
        <testcase name="testLowWomenNoChildrenReturnsJson" class="App\Tests\Project\ProjectApiControllerTest" classname="App.Tests.Project.ProjectApiControllerTest" file="/Users/robin/dbwebb-kurser/mvc/me/report/tests/Project/ProjectApiControllerTest.php" line="77" assertions="2" time="0.026925"/>
        <testcase name="testLongEjBoendeReturnsJson" class="App\Tests\Project\ProjectApiControllerTest" classname="App.Tests.Project.ProjectApiControllerTest" file="/Users/robin/dbwebb-kurser/mvc/me/report/tests/Project/ProjectApiControllerTest.php" line="86" assertions="2" time="0.026403"/>
        <testcase name="testLongChildrenOfSingleWomenReturnsJson" class="App\Tests\Project\ProjectApiControllerTest" classname="App.Tests.Project.ProjectApiControllerTest" file="/Users/robin/dbwebb-kurser/mvc/me/report/tests/Project/ProjectApiControllerTest.php" line="95" assertions="2" time="0.026159"/>
        <testcase name="testLowByGroupPostWithUnknownGroup" class="App\Tests\Project\ProjectApiControllerTest" classname="App.Tests.Project.ProjectApiControllerTest" file="/Users/robin/dbwebb-kurser/mvc/me/report/tests/Project/ProjectApiControllerTest.php" line="104" assertions="3" time="0.004133"/>
      </testsuite>
      <testsuite name="App\Tests\Project\ProjectControllerTest" file="/Users/robin/dbwebb-kurser/mvc/me/report/tests/Project/ProjectControllerTest.php" tests="2" assertions="6" errors="0" warnings="0" failures="0" skipped="0" time="0.027472">
        <testcase name="testProjectIndexLoads" class="App\Tests\Project\ProjectControllerTest" classname="App.Tests.Project.ProjectControllerTest" file="/Users/robin/dbwebb-kurser/mvc/me/report/tests/Project/ProjectControllerTest.php" line="12" assertions="3" time="0.022499"/>
        <testcase name="testProjectAboutLoads" class="App\Tests\Project\ProjectControllerTest" classname="App.Tests.Project.ProjectControllerTest" file="/Users/robin/dbwebb-kurser/mvc/me/report/tests/Project/ProjectControllerTest.php" line="30" assertions="3" time="0.004973"/>
      </testsuite>
      <testsuite name="App\Tests\Project\SustainabilityControllerTest" file="/Users/robin/dbwebb-kurser/mvc/me/report/tests/Project/SustainabilityControllerTest.php" tests="3" assertions="8" errors="0" warnings="0" failures="0" skipped="0" time="0.547898">
        <testcase name="testIndexPageLoads" class="App\Tests\Project\SustainabilityControllerTest" classname="App.Tests.Project.SustainabilityControllerTest" file="/Users/robin/dbwebb-kurser/mvc/me/report/tests/Project/SustainabilityControllerTest.php" line="12" assertions="2" time="0.273269"/>
        <testcase name="testGraphsPageLoadsWithCanvases" class="App\Tests\Project\SustainabilityControllerTest" classname="App.Tests.Project.SustainabilityControllerTest" file="/Users/robin/dbwebb-kurser/mvc/me/report/tests/Project/SustainabilityControllerTest.php" line="25" assertions="3" time="0.269138"/>
        <testcase name="testApiDocumentationPageLoads" class="App\Tests\Project\SustainabilityControllerTest" classname="App.Tests.Project.SustainabilityControllerTest" file="/Users/robin/dbwebb-kurser/mvc/me/report/tests/Project/SustainabilityControllerTest.php" line="39" assertions="3" time="0.005490"/>
      </testsuite>
      <testsuite name="App\TwentyOneGame\BankTest" file="/Users/robin/dbwebb-kurser/mvc/me/report/tests/TwentyOneGame/BankTest.php" tests="3" assertions="7" errors="0" warnings="0" failures="0" skipped="0" time="0.001015">
        <testcase name="testBankHasHand" class="App\TwentyOneGame\BankTest" classname="App.TwentyOneGame.BankTest" file="/Users/robin/dbwebb-kurser/mvc/me/report/tests/TwentyOneGame/BankTest.php" line="16" assertions="1" time="0.000493"/>
        <testcase name="testBankPlayTurnDrawsAtLeastTwoCards" class="App\TwentyOneGame\BankTest" classname="App.TwentyOneGame.BankTest" file="/Users/robin/dbwebb-kurser/mvc/me/report/tests/TwentyOneGame/BankTest.php" line="25" assertions="2" time="0.000262"/>
        <testcase name="testBankScoreReturnsInteger" class="App\TwentyOneGame\BankTest" classname="App.TwentyOneGame.BankTest" file="/Users/robin/dbwebb-kurser/mvc/me/report/tests/TwentyOneGame/BankTest.php" line="37" assertions="4" time="0.000260"/>
      </testsuite>
      <testsuite name="App\TwentyOneGame\GameOverTest" file="/Users/robin/dbwebb-kurser/mvc/me/report/tests/TwentyOneGame/GameOverTest.php" tests="4" assertions="4" errors="0" warnings="0" failures="0" skipped="0" time="0.000785">
        <testcase name="testPlayerBusts" class="App\TwentyOneGame\GameOverTest" classname="App.TwentyOneGame.GameOverTest" file="/Users/robin/dbwebb-kurser/mvc/me/report/tests/TwentyOneGame/GameOverTest.php" line="18" assertions="1" time="0.000401"/>
        <testcase name="testBankBusts" class="App\TwentyOneGame\GameOverTest" classname="App.TwentyOneGame.GameOverTest" file="/Users/robin/dbwebb-kurser/mvc/me/report/tests/TwentyOneGame/GameOverTest.php" line="27" assertions="1" time="0.000135"/>
        <testcase name="testBankWinsOnEqualScore" class="App\TwentyOneGame\GameOverTest" classname="App.TwentyOneGame.GameOverTest" file="/Users/robin/dbwebb-kurser/mvc/me/report/tests/TwentyOneGame/GameOverTest.php" line="36" assertions="1" time="0.000125"/>
        <testcase name="testPlayerWinsOnHigherScore" class="App\TwentyOneGame\GameOverTest" classname="App.TwentyOneGame.GameOverTest" file="/Users/robin/dbwebb-kurser/mvc/me/report/tests/TwentyOneGame/GameOverTest.php" line="45" assertions="1" time="0.000124"/>
      </testsuite>
      <testsuite name="App\TwentyOneGame\TwentyOneGameTest" file="/Users/robin/dbwebb-kurser/mvc/me/report/tests/TwentyOneGame/TwentyOneGameTest.php" tests="5" assertions="9" errors="0" warnings="0" failures="0" skipped="0" time="0.001308">
        <testcase name="testCreateGame" class="App\TwentyOneGame\TwentyOneGameTest" classname="App.TwentyOneGame.TwentyOneGameTest" file="/Users/robin/dbwebb-kurser/mvc/me/report/tests/TwentyOneGame/TwentyOneGameTest.php" line="15" assertions="2" time="0.000497"/>
        <testcase name="testStartGameGivesTwoCards" class="App\TwentyOneGame\TwentyOneGameTest" classname="App.TwentyOneGame.TwentyOneGameTest" file="/Users/robin/dbwebb-kurser/mvc/me/report/tests/TwentyOneGame/TwentyOneGameTest.php" line="25" assertions="1" time="0.000190"/>
        <testcase name="testDrawCardIncreasesCardCount" class="App\TwentyOneGame\TwentyOneGameTest" classname="App.TwentyOneGame.TwentyOneGameTest" file="/Users/robin/dbwebb-kurser/mvc/me/report/tests/TwentyOneGame/TwentyOneGameTest.php" line="35" assertions="1" time="0.000187"/>
        <testcase name="testPlayerScoreIsWithinExpectedRange" class="App\TwentyOneGame\TwentyOneGameTest" classname="App.TwentyOneGame.TwentyOneGameTest" file="/Users/robin/dbwebb-kurser/mvc/me/report/tests/TwentyOneGame/TwentyOneGameTest.php" line="48" assertions="4" time="0.000251"/>
        <testcase name="testDeckShrinksWhenDrawingCards" class="App\TwentyOneGame\TwentyOneGameTest" classname="App.TwentyOneGame.TwentyOneGameTest" file="/Users/robin/dbwebb-kurser/mvc/me/report/tests/TwentyOneGame/TwentyOneGameTest.php" line="60" assertions="1" time="0.000183"/>
      </testsuite>
    </testsuite>
  </testsuite>
</testsuites>
