<?xml version="1.0" encoding="UTF-8"?>
<testsuites>
  <testsuite name="" tests="59" assertions="135" errors="0" warnings="0" failures="0" skipped="0" time="1.690567">
    <testsuite name="Project Test Suite" tests="59" assertions="135" errors="0" warnings="0" failures="0" skipped="0" time="1.690567">
      <testsuite name="App\Card\CardGraphicTest" file="/Users/robin/dbwebb-kurser/mvc/me/report/tests/Card/CardGraphicTest.php" tests="1" assertions="1" errors="0" warnings="0" failures="0" skipped="0" time="0.003580">
        <testcase name="testToStringReturnsString" class="App\Card\CardGraphicTest" classname="App.Card.CardGraphicTest" file="/Users/robin/dbwebb-kurser/mvc/me/report/tests/Card/CardGraphicTest.php" line="12" assertions="1" time="0.003580"/>
      </testsuite>
      <testsuite name="App\Card\CardHandTest" file="/Users/robin/dbwebb-kurser/mvc/me/report/tests/Card/CardHandTest.php" tests="6" assertions="8" errors="0" warnings="0" failures="0" skipped="0" time="0.001713">
        <testcase name="testAddCards" class="App\Card\CardHandTest" classname="App.Card.CardHandTest" file="/Users/robin/dbwebb-kurser/mvc/me/report/tests/Card/CardHandTest.php" line="15" assertions="3" time="0.000833"/>
        <testcase name="testClear" class="App\Card\CardHandTest" classname="App.Card.CardHandTest" file="/Users/robin/dbwebb-kurser/mvc/me/report/tests/Card/CardHandTest.php" line="33" assertions="1" time="0.000354"/>
        <testcase name="testGetTwentyOnePoints" class="App\Card\CardHandTest" classname="App.Card.CardHandTest" file="/Users/robin/dbwebb-kurser/mvc/me/report/tests/Card/CardHandTest.php" line="45" assertions="1" time="0.000141"/>
        <testcase name="testAcesReduceWhenOver21" class="App\Card\CardHandTest" classname="App.Card.CardHandTest" file="/Users/robin/dbwebb-kurser/mvc/me/report/tests/Card/CardHandTest.php" line="58" assertions="1" time="0.000136"/>
        <testcase name="testValueJack" class="App\Card\CardHandTest" classname="App.Card.CardHandTest" file="/Users/robin/dbwebb-kurser/mvc/me/report/tests/Card/CardHandTest.php" line="72" assertions="1" time="0.000125"/>
        <testcase name="testValueQueen" class="App\Card\CardHandTest" classname="App.Card.CardHandTest" file="/Users/robin/dbwebb-kurser/mvc/me/report/tests/Card/CardHandTest.php" line="84" assertions="1" time="0.000123"/>
      </testsuite>
      <testsuite name="App\Card\CardTest" file="/Users/robin/dbwebb-kurser/mvc/me/report/tests/Card/CardTest.php" tests="3" assertions="4" errors="0" warnings="0" failures="0" skipped="0" time="0.000585">
        <testcase name="testCardValue" class="App\Card\CardTest" classname="App.Card.CardTest" file="/Users/robin/dbwebb-kurser/mvc/me/report/tests/Card/CardTest.php" line="15" assertions="1" time="0.000118"/>
        <testcase name="testCardSuit" class="App\Card\CardTest" classname="App.Card.CardTest" file="/Users/robin/dbwebb-kurser/mvc/me/report/tests/Card/CardTest.php" line="24" assertions="1" time="0.000116"/>
        <testcase name="testCardStringFormat" class="App\Card\CardTest" classname="App.Card.CardTest" file="/Users/robin/dbwebb-kurser/mvc/me/report/tests/Card/CardTest.php" line="33" assertions="2" time="0.000351"/>
      </testsuite>
      <testsuite name="App\Card\DeckOfCardsTest" file="/Users/robin/dbwebb-kurser/mvc/me/report/tests/Card/DeckOfCardsTest.php" tests="4" assertions="13" errors="0" warnings="0" failures="0" skipped="0" time="0.003203">
        <testcase name="testDeckHas52Cards" class="App\Card\DeckOfCardsTest" classname="App.Card.DeckOfCardsTest" file="/Users/robin/dbwebb-kurser/mvc/me/report/tests/Card/DeckOfCardsTest.php" line="15" assertions="1" time="0.000482"/>
        <testcase name="testShufflingWorks" class="App\Card\DeckOfCardsTest" classname="App.Card.DeckOfCardsTest" file="/Users/robin/dbwebb-kurser/mvc/me/report/tests/Card/DeckOfCardsTest.php" line="26" assertions="1" time="0.002068"/>
        <testcase name="testDrawSingleCard" class="App\Card\DeckOfCardsTest" classname="App.Card.DeckOfCardsTest" file="/Users/robin/dbwebb-kurser/mvc/me/report/tests/Card/DeckOfCardsTest.php" line="40" assertions="2" time="0.000448"/>
        <testcase name="testDrawMultipleCards" class="App\Card\DeckOfCardsTest" classname="App.Card.DeckOfCardsTest" file="/Users/robin/dbwebb-kurser/mvc/me/report/tests/Card/DeckOfCardsTest.php" line="52" assertions="9" time="0.000205"/>
      </testsuite>
      <testsuite name="App\Tests\Controller\CardApiControllerTest" file="/Users/robin/dbwebb-kurser/mvc/me/report/tests/Controller/CardApiControllerTest.php" tests="5" assertions="22" errors="0" warnings="0" failures="0" skipped="0" time="0.165878">
        <testcase name="testApiDeckReturnsFullDeck" class="App\Tests\Controller\CardApiControllerTest" classname="App.Tests.Controller.CardApiControllerTest" file="/Users/robin/dbwebb-kurser/mvc/me/report/tests/Controller/CardApiControllerTest.php" line="15" assertions="5" time="0.138676"/>
        <testcase name="testApiShuffleReturnsShuffledDeck" class="App\Tests\Controller\CardApiControllerTest" classname="App.Tests.Controller.CardApiControllerTest" file="/Users/robin/dbwebb-kurser/mvc/me/report/tests/Controller/CardApiControllerTest.php" line="33" assertions="5" time="0.005476"/>
        <testcase name="testApiDrawReturnsOneCard" class="App\Tests\Controller\CardApiControllerTest" classname="App.Tests.Controller.CardApiControllerTest" file="/Users/robin/dbwebb-kurser/mvc/me/report/tests/Controller/CardApiControllerTest.php" line="51" assertions="4" time="0.008734"/>
        <testcase name="testApiDrawNumberReturnsCorrectCount" class="App\Tests\Controller\CardApiControllerTest" classname="App.Tests.Controller.CardApiControllerTest" file="/Users/robin/dbwebb-kurser/mvc/me/report/tests/Controller/CardApiControllerTest.php" line="69" assertions="5" time="0.008918"/>
        <testcase name="testApiGameReturnsErrorWithoutSession" class="App\Tests\Controller\CardApiControllerTest" classname="App.Tests.Controller.CardApiControllerTest" file="/Users/robin/dbwebb-kurser/mvc/me/report/tests/Controller/CardApiControllerTest.php" line="88" assertions="3" time="0.004073"/>
      </testsuite>
      <testsuite name="App\Dice\DiceGraphicTest" file="/Users/robin/dbwebb-kurser/mvc/me/report/tests/Dice/DiceGraphicTest.php" tests="2" assertions="2" errors="0" warnings="0" failures="0" skipped="0" time="0.000880">
        <testcase name="testIsSubclassOfDice" class="App\Dice\DiceGraphicTest" classname="App.Dice.DiceGraphicTest" file="/Users/robin/dbwebb-kurser/mvc/me/report/tests/Dice/DiceGraphicTest.php" line="15" assertions="1" time="0.000736"/>
        <testcase name="testGetAsStringReturnsDiceSymbol" class="App\Dice\DiceGraphicTest" classname="App.Dice.DiceGraphicTest" file="/Users/robin/dbwebb-kurser/mvc/me/report/tests/Dice/DiceGraphicTest.php" line="24" assertions="1" time="0.000144"/>
      </testsuite>
      <testsuite name="App\Dice\DiceHandTest" file="/Users/robin/dbwebb-kurser/mvc/me/report/tests/Dice/DiceHandTest.php" tests="4" assertions="15" errors="0" warnings="0" failures="0" skipped="0" time="0.001707">
        <testcase name="testCreateDiceHand" class="App\Dice\DiceHandTest" classname="App.Dice.DiceHandTest" file="/Users/robin/dbwebb-kurser/mvc/me/report/tests/Dice/DiceHandTest.php" line="15" assertions="2" time="0.000483"/>
        <testcase name="testAddDice" class="App\Dice\DiceHandTest" classname="App.Dice.DiceHandTest" file="/Users/robin/dbwebb-kurser/mvc/me/report/tests/Dice/DiceHandTest.php" line="24" assertions="1" time="0.000139"/>
        <testcase name="testRollAndGetValues" class="App\Dice\DiceHandTest" classname="App.Dice.DiceHandTest" file="/Users/robin/dbwebb-kurser/mvc/me/report/tests/Dice/DiceHandTest.php" line="35" assertions="11" time="0.000948"/>
        <testcase name="testGetString" class="App\Dice\DiceHandTest" classname="App.Dice.DiceHandTest" file="/Users/robin/dbwebb-kurser/mvc/me/report/tests/Dice/DiceHandTest.php" line="54" assertions="1" time="0.000137"/>
      </testsuite>
      <testsuite name="App\Dice\DiceTest" file="/Users/robin/dbwebb-kurser/mvc/me/report/tests/Dice/DiceTest.php" tests="4" assertions="8" errors="0" warnings="0" failures="0" skipped="0" time="0.000569">
        <testcase name="testCreateDice" class="App\Dice\DiceTest" classname="App.Dice.DiceTest" file="/Users/robin/dbwebb-kurser/mvc/me/report/tests/Dice/DiceTest.php" line="16" assertions="2" time="0.000138"/>
        <testcase name="testRoll" class="App\Dice\DiceTest" classname="App.Dice.DiceTest" file="/Users/robin/dbwebb-kurser/mvc/me/report/tests/Dice/DiceTest.php" line="28" assertions="4" time="0.000187"/>
        <testcase name="testGetValue" class="App\Dice\DiceTest" classname="App.Dice.DiceTest" file="/Users/robin/dbwebb-kurser/mvc/me/report/tests/Dice/DiceTest.php" line="39" assertions="1" time="0.000121"/>
        <testcase name="testGetAsString" class="App\Dice\DiceTest" classname="App.Dice.DiceTest" file="/Users/robin/dbwebb-kurser/mvc/me/report/tests/Dice/DiceTest.php" line="49" assertions="1" time="0.000123"/>
      </testsuite>
      <testsuite name="App\Tests\Project\ImportExcelDataCommandTest" file="/Users/robin/dbwebb-kurser/mvc/me/report/tests/Project/ImportExcelDataCommandTest.php" tests="4" assertions="6" errors="0" warnings="0" failures="0" skipped="0" time="0.206156">
        <testcase name="testCommandOutputsSuccessMessage" class="App\Tests\Project\ImportExcelDataCommandTest" classname="App.Tests.Project.ImportExcelDataCommandTest" file="/Users/robin/dbwebb-kurser/mvc/me/report/tests/Project/ImportExcelDataCommandTest.php" line="38" assertions="2" time="0.100320"/>
        <testcase name="testCommandHandlesMissingFile" class="App\Tests\Project\ImportExcelDataCommandTest" classname="App.Tests.Project.ImportExcelDataCommandTest" file="/Users/robin/dbwebb-kurser/mvc/me/report/tests/Project/ImportExcelDataCommandTest.php" line="60" assertions="1" time="0.031924"/>
        <testcase name="testCommandHandlesUnreadableFile" class="App\Tests\Project\ImportExcelDataCommandTest" classname="App.Tests.Project.ImportExcelDataCommandTest" file="/Users/robin/dbwebb-kurser/mvc/me/report/tests/Project/ImportExcelDataCommandTest.php" line="113" assertions="1" time="0.032052"/>
        <testcase name="testCommandUsesMockedFileLoader" class="App\Tests\Project\ImportExcelDataCommandTest" classname="App.Tests.Project.ImportExcelDataCommandTest" file="/Users/robin/dbwebb-kurser/mvc/me/report/tests/Project/ImportExcelDataCommandTest.php" line="179" assertions="2" time="0.041860"/>
      </testsuite>
      <testsuite name="App\Tests\Project\ProjectApiControllerTest" file="/Users/robin/dbwebb-kurser/mvc/me/report/tests/Project/ProjectApiControllerTest.php" tests="9" assertions="22" errors="0" warnings="0" failures="0" skipped="0" time="0.440697">
        <testcase name="testLowSamtligaReturnsJson" class="App\Tests\Project\ProjectApiControllerTest" classname="App.Tests.Project.ProjectApiControllerTest" file="/Users/robin/dbwebb-kurser/mvc/me/report/tests/Project/ProjectApiControllerTest.php" line="12" assertions="2" time="0.056291"/>
        <testcase name="testLongSamtligaReturnsJson" class="App\Tests\Project\ProjectApiControllerTest" classname="App.Tests.Project.ProjectApiControllerTest" file="/Users/robin/dbwebb-kurser/mvc/me/report/tests/Project/ProjectApiControllerTest.php" line="21" assertions="2" time="0.039316"/>
        <testcase name="testLowByGroupPostWithValidGroup" class="App\Tests\Project\ProjectApiControllerTest" classname="App.Tests.Project.ProjectApiControllerTest" file="/Users/robin/dbwebb-kurser/mvc/me/report/tests/Project/ProjectApiControllerTest.php" line="30" assertions="2" time="0.038497"/>
        <testcase name="testLowByGroupPostWithMissingGroup" class="App\Tests\Project\ProjectApiControllerTest" classname="App.Tests.Project.ProjectApiControllerTest" file="/Users/robin/dbwebb-kurser/mvc/me/report/tests/Project/ProjectApiControllerTest.php" line="46" assertions="2" time="0.003707"/>
        <testcase name="testLowAllGroupsReturnsSortedList" class="App\Tests\Project\ProjectApiControllerTest" classname="App.Tests.Project.ProjectApiControllerTest" file="/Users/robin/dbwebb-kurser/mvc/me/report/tests/Project/ProjectApiControllerTest.php" line="63" assertions="5" time="0.183081"/>
        <testcase name="testLowWomenNoChildrenReturnsJson" class="App\Tests\Project\ProjectApiControllerTest" classname="App.Tests.Project.ProjectApiControllerTest" file="/Users/robin/dbwebb-kurser/mvc/me/report/tests/Project/ProjectApiControllerTest.php" line="77" assertions="2" time="0.039325"/>
        <testcase name="testLongEjBoendeReturnsJson" class="App\Tests\Project\ProjectApiControllerTest" classname="App.Tests.Project.ProjectApiControllerTest" file="/Users/robin/dbwebb-kurser/mvc/me/report/tests/Project/ProjectApiControllerTest.php" line="86" assertions="2" time="0.038253"/>
        <testcase name="testLongChildrenOfSingleWomenReturnsJson" class="App\Tests\Project\ProjectApiControllerTest" classname="App.Tests.Project.ProjectApiControllerTest" file="/Users/robin/dbwebb-kurser/mvc/me/report/tests/Project/ProjectApiControllerTest.php" line="95" assertions="2" time="0.038116"/>
        <testcase name="testLowByGroupPostWithUnknownGroup" class="App\Tests\Project\ProjectApiControllerTest" classname="App.Tests.Project.ProjectApiControllerTest" file="/Users/robin/dbwebb-kurser/mvc/me/report/tests/Project/ProjectApiControllerTest.php" line="104" assertions="3" time="0.004111"/>
      </testsuite>
      <testsuite name="App\Tests\Project\ProjectControllerTest" file="/Users/robin/dbwebb-kurser/mvc/me/report/tests/Project/ProjectControllerTest.php" tests="2" assertions="6" errors="0" warnings="0" failures="0" skipped="0" time="0.027942">
        <testcase name="testProjectIndexLoads" class="App\Tests\Project\ProjectControllerTest" classname="App.Tests.Project.ProjectControllerTest" file="/Users/robin/dbwebb-kurser/mvc/me/report/tests/Project/ProjectControllerTest.php" line="12" assertions="3" time="0.023135"/>
        <testcase name="testProjectAboutLoads" class="App\Tests\Project\ProjectControllerTest" classname="App.Tests.Project.ProjectControllerTest" file="/Users/robin/dbwebb-kurser/mvc/me/report/tests/Project/ProjectControllerTest.php" line="21" assertions="3" time="0.004807"/>
      </testsuite>
      <testsuite name="App\Tests\Project\SustainabilityControllerTest" file="/Users/robin/dbwebb-kurser/mvc/me/report/tests/Project/SustainabilityControllerTest.php" tests="3" assertions="8" errors="0" warnings="0" failures="0" skipped="0" time="0.834601">
        <testcase name="testIndexPageLoads" class="App\Tests\Project\SustainabilityControllerTest" classname="App.Tests.Project.SustainabilityControllerTest" file="/Users/robin/dbwebb-kurser/mvc/me/report/tests/Project/SustainabilityControllerTest.php" line="12" assertions="2" time="0.413323"/>
        <testcase name="testGraphsPageLoadsWithCanvases" class="App\Tests\Project\SustainabilityControllerTest" classname="App.Tests.Project.SustainabilityControllerTest" file="/Users/robin/dbwebb-kurser/mvc/me/report/tests/Project/SustainabilityControllerTest.php" line="21" assertions="3" time="0.415893"/>
        <testcase name="testApiDocumentationPageLoads" class="App\Tests\Project\SustainabilityControllerTest" classname="App.Tests.Project.SustainabilityControllerTest" file="/Users/robin/dbwebb-kurser/mvc/me/report/tests/Project/SustainabilityControllerTest.php" line="31" assertions="3" time="0.005386"/>
      </testsuite>
      <testsuite name="App\TwentyOneGame\BankTest" file="/Users/robin/dbwebb-kurser/mvc/me/report/tests/TwentyOneGame/BankTest.php" tests="3" assertions="7" errors="0" warnings="0" failures="0" skipped="0" time="0.000981">
        <testcase name="testBankHasHand" class="App\TwentyOneGame\BankTest" classname="App.TwentyOneGame.BankTest" file="/Users/robin/dbwebb-kurser/mvc/me/report/tests/TwentyOneGame/BankTest.php" line="16" assertions="1" time="0.000494"/>
        <testcase name="testBankPlayTurnDrawsAtLeastTwoCards" class="App\TwentyOneGame\BankTest" classname="App.TwentyOneGame.BankTest" file="/Users/robin/dbwebb-kurser/mvc/me/report/tests/TwentyOneGame/BankTest.php" line="25" assertions="2" time="0.000219"/>
        <testcase name="testBankScoreReturnsInteger" class="App\TwentyOneGame\BankTest" classname="App.TwentyOneGame.BankTest" file="/Users/robin/dbwebb-kurser/mvc/me/report/tests/TwentyOneGame/BankTest.php" line="37" assertions="4" time="0.000268"/>
      </testsuite>
      <testsuite name="App\TwentyOneGame\GameOverTest" file="/Users/robin/dbwebb-kurser/mvc/me/report/tests/TwentyOneGame/GameOverTest.php" tests="4" assertions="4" errors="0" warnings="0" failures="0" skipped="0" time="0.000765">
        <testcase name="testPlayerBusts" class="App\TwentyOneGame\GameOverTest" classname="App.TwentyOneGame.GameOverTest" file="/Users/robin/dbwebb-kurser/mvc/me/report/tests/TwentyOneGame/GameOverTest.php" line="18" assertions="1" time="0.000397"/>
        <testcase name="testBankBusts" class="App\TwentyOneGame\GameOverTest" classname="App.TwentyOneGame.GameOverTest" file="/Users/robin/dbwebb-kurser/mvc/me/report/tests/TwentyOneGame/GameOverTest.php" line="27" assertions="1" time="0.000128"/>
        <testcase name="testBankWinsOnEqualScore" class="App\TwentyOneGame\GameOverTest" classname="App.TwentyOneGame.GameOverTest" file="/Users/robin/dbwebb-kurser/mvc/me/report/tests/TwentyOneGame/GameOverTest.php" line="36" assertions="1" time="0.000121"/>
        <testcase name="testPlayerWinsOnHigherScore" class="App\TwentyOneGame\GameOverTest" classname="App.TwentyOneGame.GameOverTest" file="/Users/robin/dbwebb-kurser/mvc/me/report/tests/TwentyOneGame/GameOverTest.php" line="45" assertions="1" time="0.000120"/>
      </testsuite>
      <testsuite name="App\TwentyOneGame\TwentyOneGameTest" file="/Users/robin/dbwebb-kurser/mvc/me/report/tests/TwentyOneGame/TwentyOneGameTest.php" tests="5" assertions="9" errors="0" warnings="0" failures="0" skipped="0" time="0.001311">
        <testcase name="testCreateGame" class="App\TwentyOneGame\TwentyOneGameTest" classname="App.TwentyOneGame.TwentyOneGameTest" file="/Users/robin/dbwebb-kurser/mvc/me/report/tests/TwentyOneGame/TwentyOneGameTest.php" line="15" assertions="2" time="0.000509"/>
        <testcase name="testStartGameGivesTwoCards" class="App\TwentyOneGame\TwentyOneGameTest" classname="App.TwentyOneGame.TwentyOneGameTest" file="/Users/robin/dbwebb-kurser/mvc/me/report/tests/TwentyOneGame/TwentyOneGameTest.php" line="25" assertions="1" time="0.000187"/>
        <testcase name="testDrawCardIncreasesCardCount" class="App\TwentyOneGame\TwentyOneGameTest" classname="App.TwentyOneGame.TwentyOneGameTest" file="/Users/robin/dbwebb-kurser/mvc/me/report/tests/TwentyOneGame/TwentyOneGameTest.php" line="35" assertions="1" time="0.000185"/>
        <testcase name="testPlayerScoreIsWithinExpectedRange" class="App\TwentyOneGame\TwentyOneGameTest" classname="App.TwentyOneGame.TwentyOneGameTest" file="/Users/robin/dbwebb-kurser/mvc/me/report/tests/TwentyOneGame/TwentyOneGameTest.php" line="48" assertions="4" time="0.000248"/>
        <testcase name="testDeckShrinksWhenDrawingCards" class="App\TwentyOneGame\TwentyOneGameTest" classname="App.TwentyOneGame.TwentyOneGameTest" file="/Users/robin/dbwebb-kurser/mvc/me/report/tests/TwentyOneGame/TwentyOneGameTest.php" line="60" assertions="1" time="0.000182"/>
      </testsuite>
    </testsuite>
  </testsuite>
</testsuites>
